<?xml version="1.0" encoding="UTF-8"?>
<!-- Generated by org.testng.reporters.JUnitReportReporter -->
<testsuite hostname="Karthick" failures="0" tests="4" name="testCases.TC_003_LoginDDT" time="43.195" errors="0" timestamp="2024-12-22T19:39:32 IST" skipped="0">
  <testcase classname="testCases.TC_003_LoginDDT" name="verify_loginDDT" time="3.731"/>
  <testcase classname="testCases.TC_003_LoginDDT" name="verify_loginDDT" time="13.080"/>
  <testcase classname="testCases.TC_003_LoginDDT" name="verify_loginDDT" time="13.387"/>
  <testcase classname="testCases.TC_003_LoginDDT" name="verify_loginDDT" time="12.997"/>
</testsuite> <!-- testCases.TC_003_LoginDDT -->
