<?xml version="1.0" encoding="UTF-8"?>
<!-- Generated by org.testng.reporters.JUnitReportReporter -->
<testsuite hostname="Karthick" failures="0" tests="1" name="testCases.AccountRegistrationTest" time="4.313" errors="0" timestamp="2024-12-21T13:03:13 IST" skipped="0">
  <testcase classname="testCases.AccountRegistrationTest" name="verify_user_registartion" time="4.313"/>
</testsuite> <!-- testCases.AccountRegistrationTest -->
