<?xml version="1.0" encoding="UTF-8"?>
<!-- Generated by org.testng.reporters.JUnitReportReporter -->
<testsuite hostname="Karthick" failures="0" tests="2" name="testCases.TC_001_AccountRegistrationTest" time="6.958" errors="0" timestamp="2024-12-22T14:23:39 IST" skipped="0">
  <testcase classname="testCases.TC_001_AccountRegistrationTest" name="verify_user_registartion" time="3.854"/>
  <testcase classname="testCases.TC_001_AccountRegistrationTest" name="verify_user_registartion" time="3.104"/>
</testsuite> <!-- testCases.TC_001_AccountRegistrationTest -->
