<?xml version="1.0" encoding="UTF-8"?>
<!-- Generated by org.testng.reporters.JUnitReportReporter -->
<testsuite hostname="Karthick" failures="0" tests="4" name="testCases.TC_003_LoginDDT" time="41.496" errors="0" timestamp="2024-12-22T22:01:06 IST" skipped="0">
  <testcase classname="testCases.TC_003_LoginDDT" name="verify_loginDDT" time="12.591"/>
  <testcase classname="testCases.TC_003_LoginDDT" name="verify_loginDDT" time="12.701"/>
  <testcase classname="testCases.TC_003_LoginDDT" name="verify_loginDDT" time="12.989"/>
  <testcase classname="testCases.TC_003_LoginDDT" name="verify_loginDDT" time="3.215"/>
</testsuite> <!-- testCases.TC_003_LoginDDT -->
