<?xml version="1.0" encoding="UTF-8"?>
<!-- Generated by org.testng.reporters.JUnitReportReporter -->
<testsuite hostname="Karthick" failures="0" tests="1" name="testCases.TC_002_LoginTest" time="2.150" errors="0" timestamp="2024-12-22T21:59:01 IST" skipped="0">
  <testcase classname="testCases.TC_002_LoginTest" name="verify_login" time="2.150"/>
</testsuite> <!-- testCases.TC_002_LoginTest -->
