<?xml version="1.0" encoding="UTF-8"?>
<!-- Generated by org.testng.reporters.JUnitReportReporter -->
<testsuite hostname="Karthick" failures="0" tests="2" name="testCases.TC_002_LoginTest" time="4.022" errors="0" timestamp="2024-12-22T14:23:39 IST" skipped="0">
  <testcase classname="testCases.TC_002_LoginTest" name="verify_login" time="2.525"/>
  <testcase classname="testCases.TC_002_LoginTest" name="verify_login" time="1.497"/>
</testsuite> <!-- testCases.TC_002_LoginTest -->
