<?xml version="1.0" encoding="UTF-8"?>
<!-- Generated by org.testng.reporters.JUnitReportReporter -->
<testsuite hostname="Karthick" failures="0" tests="1" name="testCases.TC_001_AccountRegistrationTest" time="3.589" errors="0" timestamp="2024-12-22T19:39:32 IST" skipped="0">
  <testcase classname="testCases.TC_001_AccountRegistrationTest" name="verify_user_registartion" time="3.589"/>
</testsuite> <!-- testCases.TC_001_AccountRegistrationTest -->
