<?xml version="1.0" encoding="UTF-8"?>
<!-- Generated by org.testng.reporters.JUnitReportReporter -->
<testsuite hostname="Karthick" failures="0" tests="1" name="testCases.TC_002_LoginTest" time="2.174" errors="0" timestamp="2024-12-22T19:39:32 IST" skipped="0">
  <testcase classname="testCases.TC_002_LoginTest" name="verify_login" time="2.174"/>
</testsuite> <!-- testCases.TC_002_LoginTest -->
